<?xml version="1.0" encoding="UTF-8"?>
<!-- Generated by org.testng.reporters.JUnitReportReporter -->
<testsuite hostname="DESKTOP-8PG31DG" failures="0" tests="2" name="testdata.SignUp" time="11.067" errors="0" timestamp="2024-03-16T13:25:55 IST" skipped="0">
  <testcase classname="testdata.SignUp" name="Launchapplication" time="6.049"/>
  <system-out/>
  <testcase classname="testdata.SignUp" name="ScrollUpWithoutArrow" time="5.018"/>
  <system-out/>
</testsuite> <!-- testdata.SignUp -->
